<?xml version="1.0" encoding="UTF-8"?>
<testsuite name="com.javaaround.springboot.controller.HelloControllerTest" time="0.543" tests="1" errors="0" skipped="0" failures="1">
  <properties>
[...]
</properties>
  <testcase name="getHello" classname="com.javaaround.springboot.controller.HelloControllerTest" time="0.543">
    <failure message="Response content&#10;Expected: &quot;Hello Wor&quot;&#10;     but: was &quot;Hello World!&quot;" type="java.lang.AssertionError">java.lang.AssertionError: Response content
Expected: "Hello Wor"
     but: was "Hello World!"
	at org.hamcrest.MatcherAssert.assertThat(MatcherAssert.java:20)
	at org.springframework.test.web.servlet.result.ContentResultMatchers$4.match(ContentResultMatchers.java:137)
	at org.springframework.test.web.servlet.MockMvc$1.andExpect(MockMvc.java:171)
	at com.javaaround.springboot.controller.HelloControllerTest.getHello(HelloControllerTest.java:35)
</failure>
    <system-out><![CDATA[14:15:23.088 [main] DEBUG o.s.t.c.j.SpringJUnit4ClassRunner - SpringJUnit4ClassRunner constructor called with [class com.javaaround.springboot.controller.HelloControllerTest]
14:15:23.096 [main] DEBUG o.s.test.context.BootstrapUtils - Instantiating CacheAwareContextLoaderDelegate from class [org.springframework.test.context.cache.DefaultCacheAwareContextLoaderDelegate]
14:15:23.102 [main] DEBUG o.s.test.context.BootstrapUtils - Instantiating BootstrapContext using constructor [public org.springframework.test.context.support.DefaultBootstrapContext(java.lang.Class,org.springframework.test.context.CacheAwareContextLoaderDelegate)]
14:15:23.117 [main] DEBUG o.s.test.context.BootstrapUtils - Instantiating TestContextBootstrapper for test class [com.javaaround.springboot.controller.HelloControllerTest] from class [org.springframework.test.context.web.WebTestContextBootstrapper]
14:15:23.149 [main] DEBUG o.s.t.c.w.WebTestContextBootstrapper - Found explicit ContextLoader class [org.springframework.boot.test.SpringApplicationContextLoader] for context configuration attributes [ContextConfigurationAttributes@ff5b51f declaringClass = 'com.javaaround.springboot.controller.HelloControllerTest', classes = '{class org.springframework.mock.web.MockServletContext}', locations = '{}', inheritLocations = true, initializers = '{}', inheritInitializers = true, name = [null], contextLoaderClass = 'org.springframework.boot.test.SpringApplicationContextLoader']
14:15:23.168 [main] DEBUG o.s.t.c.s.AbstractContextLoader - Did not detect default resource location for test class [com.javaaround.springboot.controller.HelloControllerTest]: class path resource [com/javaaround/springboot/controller/HelloControllerTest-context.xml] does not exist
14:15:23.168 [main] DEBUG o.s.t.c.s.AbstractContextLoader - Did not detect default resource location for test class [com.javaaround.springboot.controller.HelloControllerTest]: class path resource [com/javaaround/springboot/controller/HelloControllerTestContext.groovy] does not exist
14:15:23.169 [main] INFO  o.s.t.c.s.AbstractContextLoader - Could not detect default resource locations for test class [com.javaaround.springboot.controller.HelloControllerTest]: no resource found for suffixes {-context.xml, Context.groovy}.
14:15:23.172 [main] DEBUG o.s.t.c.support.ActiveProfilesUtils - Could not find an 'annotation declaring class' for annotation type [org.springframework.test.context.ActiveProfiles] and class [com.javaaround.springboot.controller.HelloControllerTest]
14:15:23.177 [main] DEBUG o.s.t.c.w.WebTestContextBootstrapper - @TestExecutionListeners is not present for class [com.javaaround.springboot.controller.HelloControllerTest]: using defaults.
14:15:23.186 [main] INFO  o.s.t.c.w.WebTestContextBootstrapper - Loaded default TestExecutionListener class names from location [META-INF/spring.factories]: [org.springframework.test.context.web.ServletTestExecutionListener, org.springframework.test.context.support.DirtiesContextBeforeModesTestExecutionListener, org.springframework.test.context.support.DependencyInjectionTestExecutionListener, org.springframework.test.context.support.DirtiesContextTestExecutionListener, org.springframework.test.context.transaction.TransactionalTestExecutionListener, org.springframework.test.context.jdbc.SqlScriptsTestExecutionListener]
14:15:23.195 [main] INFO  o.s.t.c.w.WebTestContextBootstrapper - Could not instantiate TestExecutionListener [org.springframework.test.context.transaction.TransactionalTestExecutionListener]. Specify custom listener classes or make the default listener classes (and their required dependencies) available. Offending class: [org/springframework/transaction/interceptor/TransactionAttributeSource]
14:15:23.196 [main] INFO  o.s.t.c.w.WebTestContextBootstrapper - Could not instantiate TestExecutionListener [org.springframework.test.context.jdbc.SqlScriptsTestExecutionListener]. Specify custom listener classes or make the default listener classes (and their required dependencies) available. Offending class: [org/springframework/transaction/interceptor/TransactionAttribute]
14:15:23.203 [main] INFO  o.s.t.c.w.WebTestContextBootstrapper - Using TestExecutionListeners: [org.springframework.test.context.web.ServletTestExecutionListener@4f063c0a, org.springframework.test.context.support.DirtiesContextBeforeModesTestExecutionListener@1e6d1014, org.springframework.test.context.support.DependencyInjectionTestExecutionListener@76707e36, org.springframework.test.context.support.DirtiesContextTestExecutionListener@614ddd49]
14:15:23.208 [main] DEBUG o.s.t.annotation.ProfileValueUtils - Retrieved @ProfileValueSourceConfiguration [null] for test class [com.javaaround.springboot.controller.HelloControllerTest]
14:15:23.211 [main] DEBUG o.s.t.annotation.ProfileValueUtils - Retrieved ProfileValueSource type [class org.springframework.test.annotation.SystemProfileValueSource] for class [com.javaaround.springboot.controller.HelloControllerTest]
14:15:23.215 [main] DEBUG o.s.t.c.j.SpringJUnit4ClassRunner - SpringJUnit4ClassRunner constructor called with [class com.javaaround.springboot.controller.HelloControllerTest]
14:15:23.216 [main] DEBUG o.s.test.context.BootstrapUtils - Instantiating CacheAwareContextLoaderDelegate from class [org.springframework.test.context.cache.DefaultCacheAwareContextLoaderDelegate]
14:15:23.216 [main] DEBUG o.s.test.context.BootstrapUtils - Instantiating BootstrapContext using constructor [public org.springframework.test.context.support.DefaultBootstrapContext(java.lang.Class,org.springframework.test.context.CacheAwareContextLoaderDelegate)]
14:15:23.219 [main] DEBUG o.s.test.context.BootstrapUtils - Instantiating TestContextBootstrapper for test class [com.javaaround.springboot.controller.HelloControllerTest] from class [org.springframework.test.context.web.WebTestContextBootstrapper]
14:15:23.223 [main] DEBUG o.s.t.c.w.WebTestContextBootstrapper - Found explicit ContextLoader class [org.springframework.boot.test.SpringApplicationContextLoader] for context configuration attributes [ContextConfigurationAttributes@1f7030a6 declaringClass = 'com.javaaround.springboot.controller.HelloControllerTest', classes = '{class org.springframework.mock.web.MockServletContext}', locations = '{}', inheritLocations = true, initializers = '{}', inheritInitializers = true, name = [null], contextLoaderClass = 'org.springframework.boot.test.SpringApplicationContextLoader']
14:15:23.224 [main] DEBUG o.s.t.c.s.AbstractContextLoader - Did not detect default resource location for test class [com.javaaround.springboot.controller.HelloControllerTest]: class path resource [com/javaaround/springboot/controller/HelloControllerTest-context.xml] does not exist
14:15:23.227 [main] DEBUG o.s.t.c.s.AbstractContextLoader - Did not detect default resource location for test class [com.javaaround.springboot.controller.HelloControllerTest]: class path resource [com/javaaround/springboot/controller/HelloControllerTestContext.groovy] does not exist
14:15:23.227 [main] INFO  o.s.t.c.s.AbstractContextLoader - Could not detect default resource locations for test class [com.javaaround.springboot.controller.HelloControllerTest]: no resource found for suffixes {-context.xml, Context.groovy}.
14:15:23.228 [main] DEBUG o.s.t.c.support.ActiveProfilesUtils - Could not find an 'annotation declaring class' for annotation type [org.springframework.test.context.ActiveProfiles] and class [com.javaaround.springboot.controller.HelloControllerTest]
14:15:23.229 [main] DEBUG o.s.t.c.w.WebTestContextBootstrapper - @TestExecutionListeners is not present for class [com.javaaround.springboot.controller.HelloControllerTest]: using defaults.
14:15:23.234 [main] INFO  o.s.t.c.w.WebTestContextBootstrapper - Loaded default TestExecutionListener class names from location [META-INF/spring.factories]: [org.springframework.test.context.web.ServletTestExecutionListener, org.springframework.test.context.support.DirtiesContextBeforeModesTestExecutionListener, org.springframework.test.context.support.DependencyInjectionTestExecutionListener, org.springframework.test.context.support.DirtiesContextTestExecutionListener, org.springframework.test.context.transaction.TransactionalTestExecutionListener, org.springframework.test.context.jdbc.SqlScriptsTestExecutionListener]
14:15:23.236 [main] INFO  o.s.t.c.w.WebTestContextBootstrapper - Could not instantiate TestExecutionListener [org.springframework.test.context.transaction.TransactionalTestExecutionListener]. Specify custom listener classes or make the default listener classes (and their required dependencies) available. Offending class: [org/springframework/transaction/interceptor/TransactionAttributeSource]
14:15:23.238 [main] INFO  o.s.t.c.w.WebTestContextBootstrapper - Could not instantiate TestExecutionListener [org.springframework.test.context.jdbc.SqlScriptsTestExecutionListener]. Specify custom listener classes or make the default listener classes (and their required dependencies) available. Offending class: [org/springframework/transaction/interceptor/TransactionAttribute]
14:15:23.239 [main] INFO  o.s.t.c.w.WebTestContextBootstrapper - Using TestExecutionListeners: [org.springframework.test.context.web.ServletTestExecutionListener@74650e52, org.springframework.test.context.support.DirtiesContextBeforeModesTestExecutionListener@15d0c81b, org.springframework.test.context.support.DependencyInjectionTestExecutionListener@6acdbdf5, org.springframework.test.context.support.DirtiesContextTestExecutionListener@4b1c1ea0]
14:15:23.240 [main] DEBUG o.s.t.annotation.ProfileValueUtils - Retrieved @ProfileValueSourceConfiguration [null] for test class [com.javaaround.springboot.controller.HelloControllerTest]
14:15:23.240 [main] DEBUG o.s.t.annotation.ProfileValueUtils - Retrieved ProfileValueSource type [class org.springframework.test.annotation.SystemProfileValueSource] for class [com.javaaround.springboot.controller.HelloControllerTest]
14:15:23.243 [main] DEBUG o.s.t.annotation.ProfileValueUtils - Retrieved @ProfileValueSourceConfiguration [null] for test class [com.javaaround.springboot.controller.HelloControllerTest]
14:15:23.245 [main] DEBUG o.s.t.annotation.ProfileValueUtils - Retrieved ProfileValueSource type [class org.springframework.test.annotation.SystemProfileValueSource] for class [com.javaaround.springboot.controller.HelloControllerTest]
14:15:23.251 [main] DEBUG o.s.t.c.s.AbstractDirtiesContextTestExecutionListener - Before test class: context [DefaultTestContext@646d64ab testClass = HelloControllerTest, testInstance = [null], testMethod = [null], testException = [null], mergedContextConfiguration = [WebMergedContextConfiguration@59e5ddf testClass = HelloControllerTest, locations = '{}', classes = '{class org.springframework.mock.web.MockServletContext}', contextInitializerClasses = '[]', activeProfiles = '{}', propertySourceLocations = '{}', propertySourceProperties = '{}', resourceBasePath = 'src/main/webapp', contextLoader = 'org.springframework.boot.test.SpringApplicationContextLoader', parent = [null]]], class annotated with @DirtiesContext [false] with mode [null].
14:15:23.253 [main] DEBUG o.s.t.annotation.ProfileValueUtils - Retrieved @ProfileValueSourceConfiguration [null] for test class [com.javaaround.springboot.controller.HelloControllerTest]
14:15:23.253 [main] DEBUG o.s.t.annotation.ProfileValueUtils - Retrieved ProfileValueSource type [class org.springframework.test.annotation.SystemProfileValueSource] for class [com.javaaround.springboot.controller.HelloControllerTest]
14:15:23.374 [main] DEBUG o.s.core.env.StandardEnvironment - Adding [systemProperties] PropertySource with lowest search precedence
14:15:23.377 [main] DEBUG o.s.core.env.StandardEnvironment - Adding [systemEnvironment] PropertySource with lowest search precedence
14:15:23.378 [main] DEBUG o.s.core.env.StandardEnvironment - Initialized StandardEnvironment with PropertySources [systemProperties,systemEnvironment]
14:15:23.381 [main] DEBUG o.s.core.env.StandardEnvironment - Adding [integrationTest] PropertySource with search precedence immediately lower than [systemEnvironment]

  .   ____          _            __ _ _
 /\\ / ___'_ __ _ _(_)_ __  __ _ \ \ \ \
( ( )\___ | '_ | '_| | '_ \/ _` | \ \ \ \
 \\/  ___)| |_)| | | | | || (_| |  ) ) ) )
  '  |____| .__|_| |_|_| |_\__, | / / / /
 =========|_|==============|___/=/_/_/_/
 :: Spring Boot ::        (v1.3.3.RELEASE)

2016-05-04 14:15:23.821  INFO 12820 --- [           main] c.j.s.controller.HelloControllerTest     : Starting HelloControllerTest on IT with PID 12820 (started by Shamim in E:\New folder\java\practice\SpringBoot)
2016-05-04 14:15:23.821  INFO 12820 --- [           main] c.j.s.controller.HelloControllerTest     : No active profile set, falling back to default profiles: default
2016-05-04 14:15:23.913  INFO 12820 --- [           main] o.s.w.c.s.GenericWebApplicationContext   : Refreshing org.springframework.web.context.support.GenericWebApplicationContext@16ec5519: startup date [Wed May 04 14:15:23 BDT 2016]; root of context hierarchy
2016-05-04 14:15:24.358  INFO 12820 --- [           main] c.j.s.controller.HelloControllerTest     : Started HelloControllerTest in 0.96 seconds (JVM running for 1.886)
2016-05-04 14:15:24.592  INFO 12820 --- [           main] ilder$StaticRequestMappingHandlerMapping : Mapped "{[/hello]}" onto public java.lang.String com.javaaround.springboot.controller.HelloController.home()
2016-05-04 14:15:24.723  INFO 12820 --- [           main] s.w.s.m.m.a.RequestMappingHandlerAdapter : Looking for @ControllerAdvice: org.springframework.test.web.servlet.setup.StubWebApplicationContext@63a12c68
2016-05-04 14:15:24.851  INFO 12820 --- [           main] o.s.mock.web.MockServletContext          : Initializing Spring FrameworkServlet ''
2016-05-04 14:15:24.851  INFO 12820 --- [           main] o.s.t.web.servlet.TestDispatcherServlet  : FrameworkServlet '': initialization started
2016-05-04 14:15:24.853  INFO 12820 --- [           main] o.s.t.web.servlet.TestDispatcherServlet  : FrameworkServlet '': initialization completed in 2 ms
]]></system-out>
  </testcase>
</testsuite>